<?xml version="1.0" encoding="UTF-8"?>
<testng-results skipped="0" failed="0" ignored="0" total="1" passed="1">
  <reporter-output>
  </reporter-output>
  <suite name="Default suite" duration-ms="64810" started-at="2017-06-25T10:28:07Z" finished-at="2017-06-25T10:29:11Z">
    <groups>
    </groups>
    <test name="Default test" duration-ms="64810" started-at="2017-06-25T10:28:07Z" finished-at="2017-06-25T10:29:11Z">
      <class name="testcases.Registatration_testcase">
        <test-method status="PASS" signature="beforeTest()[pri:0, instance:testcases.Registatration_testcase@42e26948]" name="beforeTest" is-config="true" duration-ms="60609" started-at="2017-06-25T15:58:07Z" finished-at="2017-06-25T15:59:07Z">
          <reporter-output>
          </reporter-output>
        </test-method> <!-- beforeTest -->
        <test-method status="PASS" signature="Registration()[pri:0, instance:testcases.Registatration_testcase@42e26948]" name="Registration" duration-ms="4190" started-at="2017-06-25T15:59:07Z" finished-at="2017-06-25T15:59:11Z">
          <reporter-output>
          </reporter-output>
        </test-method> <!-- Registration -->
        <test-method status="PASS" signature="afterTest()[pri:0, instance:testcases.Registatration_testcase@42e26948]" name="afterTest" is-config="true" duration-ms="0" started-at="2017-06-25T15:59:11Z" finished-at="2017-06-25T15:59:11Z">
          <reporter-output>
          </reporter-output>
        </test-method> <!-- afterTest -->
      </class> <!-- testcases.Registatration_testcase -->
    </test> <!-- Default test -->
  </suite> <!-- Default suite -->
</testng-results>
